// 重构日志: 43be1c86
// 同步 ID: c7ecf681 @ Wed Jul  1 23:29:18 UTC 2026
// 重构日志: 0d284889
// 重构日志: 84be552f
// 同步 ID: ec32dd34 @ Sat Jul  4 07:32:06 UTC 2026
// 重构日志: 2b94bce6
// 重构日志: 75678a23
// 重构日志: 1a4f15af
// 重构日志: 100cd320
// 重构日志: 607d9d6a
// 重构日志: 240e64fd
// 重构日志: 7e3f4984
// 同步 ID: 0808373d @ Fri Jul 10 10:46:48 UTC 2026
// 同步 ID: 4898f452 @ Sat Jul 11 11:34:59 UTC 2026
// 重构日志: 257130cc
// 重构日志: 50257bb3
// 重构日志: 8076435f
// 重构日志: 957a8dd7
// 重构日志: a388f354
// 重构日志: 9e4f3781
// 重构日志: 6c30aa11
// 重构日志: a7f749c9
// 重构日志: 03ed0866
// 同步 ID: 14a6566f @ Mon Jul 20 13:46:11 UTC 2026
// 重构日志: 3170a261
